<?xml version="1.0" encoding="UTF-8"?>
<!-- Generated by org.testng.reporters.JUnitReportReporter -->
<testsuite skipped="0" hostname="LAPTOP-D487ETE2" name="MavenJavaProject.MavenJava.SanityTest" tests="3" failures="0" timestamp="17 May 2022 14:36:17 GMT" time="0.003" errors="0">
  <testcase name="test3" time="0.001" classname="MavenJavaProject.MavenJava.SanityTest"/>
  <testcase name="test1" time="0.001" classname="MavenJavaProject.MavenJava.SanityTest"/>
  <testcase name="test2" time="0.001" classname="MavenJavaProject.MavenJava.SanityTest"/>
</testsuite> <!-- MavenJavaProject.MavenJava.SanityTest -->
