<?xml version="1.0" encoding="UTF-8"?>
<!-- Generated by org.testng.reporters.JUnitReportReporter -->
<testsuite skipped="0" hostname="LAPTOP-D487ETE2" name="MavenJavaProject.MavenJava.AppTest" tests="1" failures="0" timestamp="17 May 2022 14:36:17 GMT" time="0.001" errors="0">
  <testcase name="testApp" time="0.001" classname="MavenJavaProject.MavenJava.AppTest"/>
</testsuite> <!-- MavenJavaProject.MavenJava.AppTest -->
