<?xml version="1.0" encoding="UTF-8"?>
<!-- Generated by org.testng.reporters.JUnitReportReporter -->
<testsuite skipped="0" hostname="LAPTOP-D487ETE2" name="MavenJavaProject.MavenJava.RegressionTest" tests="3" failures="0" timestamp="2022-05-26T19:05:47 IST" time="0.015" errors="0">
  <testcase name="test1" time="0.015" classname="MavenJavaProject.MavenJava.RegressionTest"/>
  <testcase name="test3" time="0.000" classname="MavenJavaProject.MavenJava.RegressionTest"/>
  <testcase name="test2" time="0.000" classname="MavenJavaProject.MavenJava.RegressionTest"/>
</testsuite> <!-- MavenJavaProject.MavenJava.RegressionTest -->
