<?xml version="1.0" encoding="UTF-8"?>
<!-- Generated by org.testng.reporters.JUnitReportReporter -->
<testsuite skipped="0" hostname="LAPTOP-D487ETE2" name="MavenJavaProject.MavenJava.SanityTest" tests="3" failures="0" timestamp="2022-05-26T18:49:29 IST" time="0.014" errors="0">
  <testcase name="test1" time="0.012" classname="MavenJavaProject.MavenJava.SanityTest"/>
  <testcase name="test3" time="0.000" classname="MavenJavaProject.MavenJava.SanityTest"/>
  <testcase name="test2" time="0.002" classname="MavenJavaProject.MavenJava.SanityTest"/>
</testsuite> <!-- MavenJavaProject.MavenJava.SanityTest -->
